DEB [20221025-17:46:14.966] thr=1   paramiko.transport: starting thread (client mode): 0xe87b3850L
DEB [20221025-17:46:14.968] thr=1   paramiko.transport: Local version/idstring: SSH-2.0-paramiko_2.11.0
DEB [20221025-17:46:14.970] thr=1   paramiko.transport: Remote version/idstring: SSH-2.0-OpenSSH_7.8
INF [20221025-17:46:14.972] thr=1   paramiko.transport: Connected (version 2.0, client OpenSSH_7.8)
DEB [20221025-17:46:14.984] thr=1   paramiko.transport: === Key exchange possibilities ===
DEB [20221025-17:46:14.985] thr=1   paramiko.transport: kex algos: curve25519-sha256@libssh.org, diffie-hellman-group18-sha512, diffie-hellman-group14-sha256, diffie-hellman-group16-sha512
DEB [20221025-17:46:14.986] thr=1   paramiko.transport: server key: ssh-rsa, ssh-ed25519
DEB [20221025-17:46:14.987] thr=1   paramiko.transport: client encrypt: chacha20-poly1305@openssh.com, aes256-gcm@openssh.com, aes128-gcm@openssh.com, aes256-ctr, aes192-ctr, aes128-ctr
DEB [20221025-17:46:14.988] thr=1   paramiko.transport: server encrypt: chacha20-poly1305@openssh.com, aes256-gcm@openssh.com, aes128-gcm@openssh.com, aes256-ctr, aes192-ctr, aes128-ctr
DEB [20221025-17:46:14.988] thr=1   paramiko.transport: client mac: hmac-sha2-512-etm@openssh.com, hmac-sha2-256-etm@openssh.com, umac-128-etm@openssh.com
DEB [20221025-17:46:14.989] thr=1   paramiko.transport: server mac: hmac-sha2-512-etm@openssh.com, hmac-sha2-256-etm@openssh.com, umac-128-etm@openssh.com
DEB [20221025-17:46:14.991] thr=1   paramiko.transport: client compress: none, zlib@openssh.com
DEB [20221025-17:46:14.992] thr=1   paramiko.transport: server compress: none, zlib@openssh.com
DEB [20221025-17:46:14.993] thr=1   paramiko.transport: client lang: <none>
DEB [20221025-17:46:14.994] thr=1   paramiko.transport: server lang: <none>
DEB [20221025-17:46:14.995] thr=1   paramiko.transport: kex follows: False
DEB [20221025-17:46:14.996] thr=1   paramiko.transport: === Key exchange agreements ===
DEB [20221025-17:46:14.997] thr=1   paramiko.transport: Kex: curve25519-sha256@libssh.org
DEB [20221025-17:46:14.998] thr=1   paramiko.transport: HostKey: ssh-ed25519
DEB [20221025-17:46:14.999] thr=1   paramiko.transport: Cipher: aes128-ctr
DEB [20221025-17:46:15.000] thr=1   paramiko.transport: MAC: hmac-sha2-256-etm@openssh.com
DEB [20221025-17:46:15.001] thr=1   paramiko.transport: Compression: none
DEB [20221025-17:46:15.002] thr=1   paramiko.transport: === End of kex handshake ===
DEB [20221025-17:46:15.062] thr=1   paramiko.transport: kex engine KexCurve25519 specified hash_algo <built-in function openssl_sha256>
DEB [20221025-17:46:15.065] thr=1   paramiko.transport: Switch to new keys ...
DEB [20221025-17:46:15.069] thr=1   paramiko.transport: Got EXT_INFO: {u'server-sig-algs': 'ssh-ed25519,ssh-rsa,rsa-sha2-256,rsa-sha2-512,ssh-dss,ecdsa-sha2-nistp256,ecdsa-sha2-nistp384,ecdsa-sha2-nistp521'}
DEB [20221025-17:46:15.070] thr=2   paramiko.transport: Rejecting ssh-ed25519 host key for 192.168.0.241: 5cc1b621ced958107f06baf7edebd5d7
DEB [20221025-17:46:35.627] thr=3   paramiko.transport: starting thread (client mode): 0xe5262f10L
DEB [20221025-17:46:35.629] thr=3   paramiko.transport: Local version/idstring: SSH-2.0-paramiko_2.11.0
DEB [20221025-17:46:35.648] thr=3   paramiko.transport: Remote version/idstring: SSH-2.0-OpenSSH_7.8
INF [20221025-17:46:35.651] thr=3   paramiko.transport: Connected (version 2.0, client OpenSSH_7.8)
DEB [20221025-17:46:35.659] thr=3   paramiko.transport: === Key exchange possibilities ===
DEB [20221025-17:46:35.662] thr=3   paramiko.transport: kex algos: curve25519-sha256@libssh.org, diffie-hellman-group18-sha512, diffie-hellman-group14-sha256, diffie-hellman-group16-sha512
DEB [20221025-17:46:35.665] thr=3   paramiko.transport: server key: ssh-rsa, ssh-ed25519
DEB [20221025-17:46:35.668] thr=3   paramiko.transport: client encrypt: chacha20-poly1305@openssh.com, aes256-gcm@openssh.com, aes128-gcm@openssh.com, aes256-ctr, aes192-ctr, aes128-ctr
DEB [20221025-17:46:35.676] thr=3   paramiko.transport: server encrypt: chacha20-poly1305@openssh.com, aes256-gcm@openssh.com, aes128-gcm@openssh.com, aes256-ctr, aes192-ctr, aes128-ctr
DEB [20221025-17:46:35.684] thr=3   paramiko.transport: client mac: hmac-sha2-512-etm@openssh.com, hmac-sha2-256-etm@openssh.com, umac-128-etm@openssh.com
DEB [20221025-17:46:35.687] thr=3   paramiko.transport: server mac: hmac-sha2-512-etm@openssh.com, hmac-sha2-256-etm@openssh.com, umac-128-etm@openssh.com
DEB [20221025-17:46:35.690] thr=3   paramiko.transport: client compress: none, zlib@openssh.com
DEB [20221025-17:46:35.692] thr=3   paramiko.transport: server compress: none, zlib@openssh.com
DEB [20221025-17:46:35.694] thr=3   paramiko.transport: client lang: <none>
DEB [20221025-17:46:35.696] thr=3   paramiko.transport: server lang: <none>
DEB [20221025-17:46:35.700] thr=3   paramiko.transport: kex follows: False
DEB [20221025-17:46:35.706] thr=3   paramiko.transport: === Key exchange agreements ===
DEB [20221025-17:46:35.709] thr=3   paramiko.transport: Kex: curve25519-sha256@libssh.org
DEB [20221025-17:46:35.711] thr=3   paramiko.transport: HostKey: ssh-ed25519
DEB [20221025-17:46:35.713] thr=3   paramiko.transport: Cipher: aes128-ctr
DEB [20221025-17:46:35.717] thr=3   paramiko.transport: MAC: hmac-sha2-256-etm@openssh.com
DEB [20221025-17:46:35.718] thr=3   paramiko.transport: Compression: none
DEB [20221025-17:46:35.720] thr=3   paramiko.transport: === End of kex handshake ===
DEB [20221025-17:46:35.761] thr=3   paramiko.transport: kex engine KexCurve25519 specified hash_algo <built-in function openssl_sha256>
DEB [20221025-17:46:35.763] thr=3   paramiko.transport: Switch to new keys ...
DEB [20221025-17:46:35.765] thr=3   paramiko.transport: Got EXT_INFO: {u'server-sig-algs': 'ssh-ed25519,ssh-rsa,rsa-sha2-256,rsa-sha2-512,ssh-dss,ecdsa-sha2-nistp256,ecdsa-sha2-nistp384,ecdsa-sha2-nistp521'}
DEB [20221025-17:46:35.796] thr=2   paramiko.transport: Rejecting ssh-ed25519 host key for 192.168.0.241: 5cc1b621ced958107f06baf7edebd5d7
DEB [20221025-17:47:45.281] thr=4   paramiko.transport: starting thread (client mode): 0xe52622d0L
DEB [20221025-17:47:45.289] thr=4   paramiko.transport: Local version/idstring: SSH-2.0-paramiko_2.11.0
DEB [20221025-17:47:45.302] thr=4   paramiko.transport: Remote version/idstring: SSH-2.0-OpenSSH_7.8
INF [20221025-17:47:45.304] thr=4   paramiko.transport: Connected (version 2.0, client OpenSSH_7.8)
DEB [20221025-17:47:45.309] thr=4   paramiko.transport: === Key exchange possibilities ===
DEB [20221025-17:47:45.311] thr=4   paramiko.transport: kex algos: curve25519-sha256@libssh.org, diffie-hellman-group18-sha512, diffie-hellman-group14-sha256, diffie-hellman-group16-sha512
DEB [20221025-17:47:45.312] thr=4   paramiko.transport: server key: ssh-rsa, ssh-ed25519
DEB [20221025-17:47:45.314] thr=4   paramiko.transport: client encrypt: chacha20-poly1305@openssh.com, aes256-gcm@openssh.com, aes128-gcm@openssh.com, aes256-ctr, aes192-ctr, aes128-ctr
DEB [20221025-17:47:45.316] thr=4   paramiko.transport: server encrypt: chacha20-poly1305@openssh.com, aes256-gcm@openssh.com, aes128-gcm@openssh.com, aes256-ctr, aes192-ctr, aes128-ctr
DEB [20221025-17:47:45.317] thr=4   paramiko.transport: client mac: hmac-sha2-512-etm@openssh.com, hmac-sha2-256-etm@openssh.com, umac-128-etm@openssh.com
DEB [20221025-17:47:45.319] thr=4   paramiko.transport: server mac: hmac-sha2-512-etm@openssh.com, hmac-sha2-256-etm@openssh.com, umac-128-etm@openssh.com
DEB [20221025-17:47:45.322] thr=4   paramiko.transport: client compress: none, zlib@openssh.com
DEB [20221025-17:47:45.324] thr=4   paramiko.transport: server compress: none, zlib@openssh.com
DEB [20221025-17:47:45.326] thr=4   paramiko.transport: client lang: <none>
DEB [20221025-17:47:45.328] thr=4   paramiko.transport: server lang: <none>
DEB [20221025-17:47:45.331] thr=4   paramiko.transport: kex follows: False
DEB [20221025-17:47:45.332] thr=4   paramiko.transport: === Key exchange agreements ===
DEB [20221025-17:47:45.333] thr=4   paramiko.transport: Kex: curve25519-sha256@libssh.org
DEB [20221025-17:47:45.335] thr=4   paramiko.transport: HostKey: ssh-ed25519
DEB [20221025-17:47:45.336] thr=4   paramiko.transport: Cipher: aes128-ctr
DEB [20221025-17:47:45.338] thr=4   paramiko.transport: MAC: hmac-sha2-256-etm@openssh.com
DEB [20221025-17:47:45.340] thr=4   paramiko.transport: Compression: none
DEB [20221025-17:47:45.341] thr=4   paramiko.transport: === End of kex handshake ===
DEB [20221025-17:47:45.388] thr=4   paramiko.transport: kex engine KexCurve25519 specified hash_algo <built-in function openssl_sha256>
DEB [20221025-17:47:45.391] thr=4   paramiko.transport: Switch to new keys ...
DEB [20221025-17:47:45.394] thr=4   paramiko.transport: Got EXT_INFO: {u'server-sig-algs': 'ssh-ed25519,ssh-rsa,rsa-sha2-256,rsa-sha2-512,ssh-dss,ecdsa-sha2-nistp256,ecdsa-sha2-nistp384,ecdsa-sha2-nistp521'}
DEB [20221025-17:47:45.398] thr=2   paramiko.transport: Rejecting ssh-ed25519 host key for 192.168.0.241: 5cc1b621ced958107f06baf7edebd5d7
DEB [20221025-17:47:55.020] thr=5   paramiko.transport: EOF in transport thread
DEB [20221025-17:48:12.088] thr=6   paramiko.transport: starting thread (client mode): 0xe5262cd0L
DEB [20221025-17:48:12.091] thr=6   paramiko.transport: Local version/idstring: SSH-2.0-paramiko_2.11.0
DEB [20221025-17:48:12.108] thr=6   paramiko.transport: Remote version/idstring: SSH-2.0-OpenSSH_7.8
INF [20221025-17:48:12.110] thr=6   paramiko.transport: Connected (version 2.0, client OpenSSH_7.8)
DEB [20221025-17:48:12.112] thr=6   paramiko.transport: === Key exchange possibilities ===
DEB [20221025-17:48:12.113] thr=6   paramiko.transport: kex algos: curve25519-sha256@libssh.org, diffie-hellman-group18-sha512, diffie-hellman-group14-sha256, diffie-hellman-group16-sha512
DEB [20221025-17:48:12.113] thr=6   paramiko.transport: server key: ssh-rsa, ssh-ed25519
DEB [20221025-17:48:12.114] thr=6   paramiko.transport: client encrypt: chacha20-poly1305@openssh.com, aes256-gcm@openssh.com, aes128-gcm@openssh.com, aes256-ctr, aes192-ctr, aes128-ctr
DEB [20221025-17:48:12.115] thr=6   paramiko.transport: server encrypt: chacha20-poly1305@openssh.com, aes256-gcm@openssh.com, aes128-gcm@openssh.com, aes256-ctr, aes192-ctr, aes128-ctr
DEB [20221025-17:48:12.116] thr=6   paramiko.transport: client mac: hmac-sha2-512-etm@openssh.com, hmac-sha2-256-etm@openssh.com, umac-128-etm@openssh.com
DEB [20221025-17:48:12.117] thr=6   paramiko.transport: server mac: hmac-sha2-512-etm@openssh.com, hmac-sha2-256-etm@openssh.com, umac-128-etm@openssh.com
DEB [20221025-17:48:12.117] thr=6   paramiko.transport: client compress: none, zlib@openssh.com
DEB [20221025-17:48:12.118] thr=6   paramiko.transport: server compress: none, zlib@openssh.com
DEB [20221025-17:48:12.119] thr=6   paramiko.transport: client lang: <none>
DEB [20221025-17:48:12.120] thr=6   paramiko.transport: server lang: <none>
DEB [20221025-17:48:12.120] thr=6   paramiko.transport: kex follows: False
DEB [20221025-17:48:12.121] thr=6   paramiko.transport: === Key exchange agreements ===
DEB [20221025-17:48:12.122] thr=6   paramiko.transport: Kex: curve25519-sha256@libssh.org
DEB [20221025-17:48:12.123] thr=6   paramiko.transport: HostKey: ssh-ed25519
DEB [20221025-17:48:12.124] thr=6   paramiko.transport: Cipher: aes128-ctr
DEB [20221025-17:48:12.125] thr=6   paramiko.transport: MAC: hmac-sha2-256-etm@openssh.com
DEB [20221025-17:48:12.126] thr=6   paramiko.transport: Compression: none
DEB [20221025-17:48:12.127] thr=6   paramiko.transport: === End of kex handshake ===
DEB [20221025-17:48:12.193] thr=6   paramiko.transport: kex engine KexCurve25519 specified hash_algo <built-in function openssl_sha256>
DEB [20221025-17:48:12.195] thr=6   paramiko.transport: Switch to new keys ...
DEB [20221025-17:48:12.196] thr=6   paramiko.transport: Got EXT_INFO: {u'server-sig-algs': 'ssh-ed25519,ssh-rsa,rsa-sha2-256,rsa-sha2-512,ssh-dss,ecdsa-sha2-nistp256,ecdsa-sha2-nistp384,ecdsa-sha2-nistp521'}
DEB [20221025-17:48:12.198] thr=2   paramiko.transport: Adding ssh-ed25519 host key for 192.168.0.241: 5cc1b621ced958107f06baf7edebd5d7
DEB [20221025-17:48:12.249] thr=6   paramiko.transport: userauth is OK
DEB [20221025-17:48:12.262] thr=6   paramiko.transport: Authentication type (password) not permitted.
DEB [20221025-17:48:12.264] thr=6   paramiko.transport: Allowed methods: [u'publickey', u'keyboard-interactive']
DEB [20221025-17:48:12.282] thr=6   paramiko.transport: userauth is OK
INF [20221025-17:48:12.379] thr=6   paramiko.transport: Authentication (keyboard-interactive) successful!
DEB [20221025-17:48:12.407] thr=6   paramiko.transport: Received global request "hostkeys-00@openssh.com"
DEB [20221025-17:48:12.408] thr=6   paramiko.transport: Rejecting "hostkeys-00@openssh.com" global request from server.
DEB [20221025-17:48:14.970] thr=1   paramiko.transport: EOF in transport thread
DEB [20221025-17:48:35.648] thr=3   paramiko.transport: EOF in transport thread
DEB [20221025-17:48:42.438] thr=6   paramiko.transport: Received global request "keepalive@openssh.com"
DEB [20221025-17:48:42.440] thr=6   paramiko.transport: Rejecting "keepalive@openssh.com" global request from server.
DEB [20221025-17:48:52.889] thr=7   paramiko.transport: starting thread (client mode): 0xe5262b50L
DEB [20221025-17:48:52.892] thr=7   paramiko.transport: Local version/idstring: SSH-2.0-paramiko_2.11.0
DEB [20221025-17:48:52.904] thr=7   paramiko.transport: Remote version/idstring: SSH-2.0-OpenSSH_7.8
INF [20221025-17:48:52.905] thr=7   paramiko.transport: Connected (version 2.0, client OpenSSH_7.8)
DEB [20221025-17:48:52.908] thr=7   paramiko.transport: === Key exchange possibilities ===
DEB [20221025-17:48:52.909] thr=7   paramiko.transport: kex algos: curve25519-sha256@libssh.org, diffie-hellman-group18-sha512, diffie-hellman-group14-sha256, diffie-hellman-group16-sha512
DEB [20221025-17:48:52.910] thr=7   paramiko.transport: server key: ssh-rsa, ssh-ed25519
DEB [20221025-17:48:52.911] thr=7   paramiko.transport: client encrypt: chacha20-poly1305@openssh.com, aes256-gcm@openssh.com, aes128-gcm@openssh.com, aes256-ctr, aes192-ctr, aes128-ctr
DEB [20221025-17:48:52.912] thr=7   paramiko.transport: server encrypt: chacha20-poly1305@openssh.com, aes256-gcm@openssh.com, aes128-gcm@openssh.com, aes256-ctr, aes192-ctr, aes128-ctr
DEB [20221025-17:48:52.914] thr=7   paramiko.transport: client mac: hmac-sha2-512-etm@openssh.com, hmac-sha2-256-etm@openssh.com, umac-128-etm@openssh.com
DEB [20221025-17:48:52.915] thr=7   paramiko.transport: server mac: hmac-sha2-512-etm@openssh.com, hmac-sha2-256-etm@openssh.com, umac-128-etm@openssh.com
DEB [20221025-17:48:52.917] thr=7   paramiko.transport: client compress: none, zlib@openssh.com
DEB [20221025-17:48:52.918] thr=7   paramiko.transport: server compress: none, zlib@openssh.com
DEB [20221025-17:48:52.919] thr=7   paramiko.transport: client lang: <none>
DEB [20221025-17:48:52.921] thr=7   paramiko.transport: server lang: <none>
DEB [20221025-17:48:52.922] thr=7   paramiko.transport: kex follows: False
DEB [20221025-17:48:52.922] thr=7   paramiko.transport: === Key exchange agreements ===
DEB [20221025-17:48:52.923] thr=7   paramiko.transport: Kex: curve25519-sha256@libssh.org
DEB [20221025-17:48:52.924] thr=7   paramiko.transport: HostKey: ssh-ed25519
DEB [20221025-17:48:52.925] thr=7   paramiko.transport: Cipher: aes128-ctr
DEB [20221025-17:48:52.926] thr=7   paramiko.transport: MAC: hmac-sha2-256-etm@openssh.com
DEB [20221025-17:48:52.978] thr=7   paramiko.transport: Compression: none
DEB [20221025-17:48:52.979] thr=7   paramiko.transport: === End of kex handshake ===
DEB [20221025-17:48:53.017] thr=7   paramiko.transport: kex engine KexCurve25519 specified hash_algo <built-in function openssl_sha256>
DEB [20221025-17:48:53.021] thr=7   paramiko.transport: Switch to new keys ...
DEB [20221025-17:48:53.023] thr=7   paramiko.transport: Got EXT_INFO: {u'server-sig-algs': 'ssh-ed25519,ssh-rsa,rsa-sha2-256,rsa-sha2-512,ssh-dss,ecdsa-sha2-nistp256,ecdsa-sha2-nistp384,ecdsa-sha2-nistp521'}
DEB [20221025-17:48:53.055] thr=2   paramiko.transport: Adding ssh-ed25519 host key for 192.168.0.241: 5cc1b621ced958107f06baf7edebd5d7
DEB [20221025-17:48:53.116] thr=7   paramiko.transport: userauth is OK
DEB [20221025-17:48:53.129] thr=7   paramiko.transport: Authentication type (password) not permitted.
DEB [20221025-17:48:53.131] thr=7   paramiko.transport: Allowed methods: [u'publickey', u'keyboard-interactive']
DEB [20221025-17:48:53.147] thr=7   paramiko.transport: userauth is OK
INF [20221025-17:48:53.246] thr=7   paramiko.transport: Authentication (keyboard-interactive) successful!
DEB [20221025-17:48:53.271] thr=7   paramiko.transport: Received global request "hostkeys-00@openssh.com"
DEB [20221025-17:48:53.272] thr=7   paramiko.transport: Rejecting "hostkeys-00@openssh.com" global request from server.
DEB [20221025-17:49:08.107] thr=8   paramiko.transport: starting thread (client mode): 0xe5262610L
DEB [20221025-17:49:08.111] thr=8   paramiko.transport: Local version/idstring: SSH-2.0-paramiko_2.11.0
DEB [20221025-17:49:08.123] thr=8   paramiko.transport: Remote version/idstring: SSH-2.0-OpenSSH_7.8
INF [20221025-17:49:08.125] thr=8   paramiko.transport: Connected (version 2.0, client OpenSSH_7.8)
DEB [20221025-17:49:08.131] thr=8   paramiko.transport: === Key exchange possibilities ===
DEB [20221025-17:49:08.133] thr=8   paramiko.transport: kex algos: curve25519-sha256@libssh.org, diffie-hellman-group18-sha512, diffie-hellman-group14-sha256, diffie-hellman-group16-sha512
DEB [20221025-17:49:08.134] thr=8   paramiko.transport: server key: ssh-rsa, ssh-ed25519
DEB [20221025-17:49:08.136] thr=8   paramiko.transport: client encrypt: chacha20-poly1305@openssh.com, aes256-gcm@openssh.com, aes128-gcm@openssh.com, aes256-ctr, aes192-ctr, aes128-ctr
DEB [20221025-17:49:08.138] thr=8   paramiko.transport: server encrypt: chacha20-poly1305@openssh.com, aes256-gcm@openssh.com, aes128-gcm@openssh.com, aes256-ctr, aes192-ctr, aes128-ctr
DEB [20221025-17:49:08.140] thr=8   paramiko.transport: client mac: hmac-sha2-512-etm@openssh.com, hmac-sha2-256-etm@openssh.com, umac-128-etm@openssh.com
DEB [20221025-17:49:08.141] thr=8   paramiko.transport: server mac: hmac-sha2-512-etm@openssh.com, hmac-sha2-256-etm@openssh.com, umac-128-etm@openssh.com
DEB [20221025-17:49:08.142] thr=8   paramiko.transport: client compress: none, zlib@openssh.com
DEB [20221025-17:49:08.143] thr=8   paramiko.transport: server compress: none, zlib@openssh.com
DEB [20221025-17:49:08.144] thr=8   paramiko.transport: client lang: <none>
DEB [20221025-17:49:08.146] thr=8   paramiko.transport: server lang: <none>
DEB [20221025-17:49:08.146] thr=8   paramiko.transport: kex follows: False
DEB [20221025-17:49:08.147] thr=8   paramiko.transport: === Key exchange agreements ===
DEB [20221025-17:49:08.148] thr=8   paramiko.transport: Kex: curve25519-sha256@libssh.org
DEB [20221025-17:49:08.149] thr=8   paramiko.transport: HostKey: ssh-ed25519
DEB [20221025-17:49:08.149] thr=8   paramiko.transport: Cipher: aes128-ctr
DEB [20221025-17:49:08.150] thr=8   paramiko.transport: MAC: hmac-sha2-256-etm@openssh.com
DEB [20221025-17:49:08.151] thr=8   paramiko.transport: Compression: none
DEB [20221025-17:49:08.152] thr=8   paramiko.transport: === End of kex handshake ===
DEB [20221025-17:49:08.207] thr=8   paramiko.transport: kex engine KexCurve25519 specified hash_algo <built-in function openssl_sha256>
DEB [20221025-17:49:08.209] thr=8   paramiko.transport: Switch to new keys ...
DEB [20221025-17:49:08.211] thr=8   paramiko.transport: Got EXT_INFO: {u'server-sig-algs': 'ssh-ed25519,ssh-rsa,rsa-sha2-256,rsa-sha2-512,ssh-dss,ecdsa-sha2-nistp256,ecdsa-sha2-nistp384,ecdsa-sha2-nistp521'}
DEB [20221025-17:49:08.212] thr=2   paramiko.transport: Adding ssh-ed25519 host key for 192.168.0.241: 5cc1b621ced958107f06baf7edebd5d7
DEB [20221025-17:49:08.253] thr=8   paramiko.transport: userauth is OK
DEB [20221025-17:49:08.269] thr=8   paramiko.transport: Authentication type (password) not permitted.
DEB [20221025-17:49:08.270] thr=8   paramiko.transport: Allowed methods: [u'publickey', u'keyboard-interactive']
DEB [20221025-17:49:08.284] thr=8   paramiko.transport: userauth is OK
INF [20221025-17:49:08.387] thr=8   paramiko.transport: Authentication (keyboard-interactive) successful!
DEB [20221025-17:49:08.414] thr=8   paramiko.transport: Received global request "hostkeys-00@openssh.com"
DEB [20221025-17:49:08.417] thr=8   paramiko.transport: Rejecting "hostkeys-00@openssh.com" global request from server.
DEB [20221025-17:49:12.536] thr=6   paramiko.transport: Received global request "keepalive@openssh.com"
DEB [20221025-17:49:12.538] thr=6   paramiko.transport: Rejecting "keepalive@openssh.com" global request from server.
DEB [20221025-17:49:12.539] thr=6   paramiko.transport: Received global request "keepalive@openssh.com"
DEB [20221025-17:49:12.540] thr=6   paramiko.transport: Rejecting "keepalive@openssh.com" global request from server.
DEB [20221025-17:49:23.415] thr=7   paramiko.transport: Received global request "keepalive@openssh.com"
DEB [20221025-17:49:23.419] thr=7   paramiko.transport: Rejecting "keepalive@openssh.com" global request from server.
DEB [20221025-17:49:38.560] thr=8   paramiko.transport: Received global request "keepalive@openssh.com"
DEB [20221025-17:49:38.563] thr=8   paramiko.transport: Rejecting "keepalive@openssh.com" global request from server.
DEB [20221025-17:49:42.659] thr=6   paramiko.transport: Received global request "keepalive@openssh.com"
DEB [20221025-17:49:42.661] thr=6   paramiko.transport: Rejecting "keepalive@openssh.com" global request from server.
DEB [20221025-17:49:42.663] thr=6   paramiko.transport: Received global request "keepalive@openssh.com"
DEB [20221025-17:49:42.665] thr=6   paramiko.transport: Rejecting "keepalive@openssh.com" global request from server.
DEB [20221025-17:49:45.296] thr=4   paramiko.transport: EOF in transport thread
DEB [20221025-17:49:53.454] thr=7   paramiko.transport: Received global request "keepalive@openssh.com"
DEB [20221025-17:49:53.457] thr=7   paramiko.transport: Rejecting "keepalive@openssh.com" global request from server.
DEB [20221025-17:49:53.458] thr=7   paramiko.transport: Received global request "keepalive@openssh.com"
DEB [20221025-17:49:53.459] thr=7   paramiko.transport: Rejecting "keepalive@openssh.com" global request from server.
DEB [20221025-17:50:08.768] thr=8   paramiko.transport: Received global request "keepalive@openssh.com"
DEB [20221025-17:50:08.769] thr=8   paramiko.transport: Rejecting "keepalive@openssh.com" global request from server.
DEB [20221025-17:50:08.771] thr=8   paramiko.transport: Received global request "keepalive@openssh.com"
DEB [20221025-17:50:08.772] thr=8   paramiko.transport: Rejecting "keepalive@openssh.com" global request from server.
DEB [20221025-17:50:12.867] thr=6   paramiko.transport: Received global request "keepalive@openssh.com"
DEB [20221025-17:50:12.868] thr=6   paramiko.transport: Rejecting "keepalive@openssh.com" global request from server.
DEB [20221025-17:50:12.870] thr=6   paramiko.transport: Received global request "keepalive@openssh.com"
DEB [20221025-17:50:12.871] thr=6   paramiko.transport: Rejecting "keepalive@openssh.com" global request from server.
DEB [20221025-17:50:23.627] thr=7   paramiko.transport: Received global request "keepalive@openssh.com"
DEB [20221025-17:50:23.631] thr=7   paramiko.transport: Rejecting "keepalive@openssh.com" global request from server.
DEB [20221025-17:50:23.633] thr=7   paramiko.transport: Received global request "keepalive@openssh.com"
DEB [20221025-17:50:23.634] thr=7   paramiko.transport: Rejecting "keepalive@openssh.com" global request from server.
DEB [20221025-17:50:38.808] thr=8   paramiko.transport: Received global request "keepalive@openssh.com"
DEB [20221025-17:50:38.810] thr=8   paramiko.transport: Rejecting "keepalive@openssh.com" global request from server.
DEB [20221025-17:50:38.814] thr=8   paramiko.transport: Received global request "keepalive@openssh.com"
DEB [20221025-17:50:38.816] thr=8   paramiko.transport: Rejecting "keepalive@openssh.com" global request from server.
DEB [20221025-17:50:43.076] thr=6   paramiko.transport: Received global request "keepalive@openssh.com"
DEB [20221025-17:50:43.080] thr=6   paramiko.transport: Rejecting "keepalive@openssh.com" global request from server.
DEB [20221025-17:50:43.083] thr=6   paramiko.transport: Received global request "keepalive@openssh.com"
DEB [20221025-17:50:43.084] thr=6   paramiko.transport: Rejecting "keepalive@openssh.com" global request from server.
DEB [20221025-17:50:53.836] thr=7   paramiko.transport: Received global request "keepalive@openssh.com"
DEB [20221025-17:50:53.838] thr=7   paramiko.transport: Rejecting "keepalive@openssh.com" global request from server.
DEB [20221025-17:50:53.840] thr=7   paramiko.transport: Received global request "keepalive@openssh.com"
DEB [20221025-17:50:53.841] thr=7   paramiko.transport: Rejecting "keepalive@openssh.com" global request from server.
DEB [20221025-17:51:06.952] thr=9   paramiko.transport: starting thread (client mode): 0xe87abb90L
DEB [20221025-17:51:06.955] thr=9   paramiko.transport: Local version/idstring: SSH-2.0-paramiko_2.11.0
DEB [20221025-17:51:06.968] thr=9   paramiko.transport: Remote version/idstring: SSH-2.0-OpenSSH_7.8
INF [20221025-17:51:06.970] thr=9   paramiko.transport: Connected (version 2.0, client OpenSSH_7.8)
DEB [20221025-17:51:06.973] thr=9   paramiko.transport: === Key exchange possibilities ===
DEB [20221025-17:51:06.975] thr=9   paramiko.transport: kex algos: curve25519-sha256@libssh.org, diffie-hellman-group18-sha512, diffie-hellman-group14-sha256, diffie-hellman-group16-sha512
DEB [20221025-17:51:06.976] thr=9   paramiko.transport: server key: ssh-rsa, ssh-ed25519
DEB [20221025-17:51:06.976] thr=9   paramiko.transport: client encrypt: chacha20-poly1305@openssh.com, aes256-gcm@openssh.com, aes128-gcm@openssh.com, aes256-ctr, aes192-ctr, aes128-ctr
DEB [20221025-17:51:06.978] thr=9   paramiko.transport: server encrypt: chacha20-poly1305@openssh.com, aes256-gcm@openssh.com, aes128-gcm@openssh.com, aes256-ctr, aes192-ctr, aes128-ctr
DEB [20221025-17:51:06.979] thr=9   paramiko.transport: client mac: hmac-sha2-512-etm@openssh.com, hmac-sha2-256-etm@openssh.com, umac-128-etm@openssh.com
DEB [20221025-17:51:06.980] thr=9   paramiko.transport: server mac: hmac-sha2-512-etm@openssh.com, hmac-sha2-256-etm@openssh.com, umac-128-etm@openssh.com
DEB [20221025-17:51:06.981] thr=9   paramiko.transport: client compress: none, zlib@openssh.com
DEB [20221025-17:51:06.982] thr=9   paramiko.transport: server compress: none, zlib@openssh.com
DEB [20221025-17:51:06.984] thr=9   paramiko.transport: client lang: <none>
DEB [20221025-17:51:06.986] thr=9   paramiko.transport: server lang: <none>
DEB [20221025-17:51:06.987] thr=9   paramiko.transport: kex follows: False
DEB [20221025-17:51:06.989] thr=9   paramiko.transport: === Key exchange agreements ===
DEB [20221025-17:51:06.990] thr=9   paramiko.transport: Kex: curve25519-sha256@libssh.org
DEB [20221025-17:51:06.991] thr=9   paramiko.transport: HostKey: ssh-ed25519
DEB [20221025-17:51:06.992] thr=9   paramiko.transport: Cipher: aes128-ctr
DEB [20221025-17:51:06.994] thr=9   paramiko.transport: MAC: hmac-sha2-256-etm@openssh.com
DEB [20221025-17:51:06.995] thr=9   paramiko.transport: Compression: none
DEB [20221025-17:51:06.996] thr=9   paramiko.transport: === End of kex handshake ===
DEB [20221025-17:51:07.054] thr=9   paramiko.transport: kex engine KexCurve25519 specified hash_algo <built-in function openssl_sha256>
DEB [20221025-17:51:07.056] thr=9   paramiko.transport: Switch to new keys ...
DEB [20221025-17:51:07.059] thr=9   paramiko.transport: Got EXT_INFO: {u'server-sig-algs': 'ssh-ed25519,ssh-rsa,rsa-sha2-256,rsa-sha2-512,ssh-dss,ecdsa-sha2-nistp256,ecdsa-sha2-nistp384,ecdsa-sha2-nistp521'}
DEB [20221025-17:51:07.062] thr=2   paramiko.transport: Adding ssh-ed25519 host key for 192.168.0.241: 5cc1b621ced958107f06baf7edebd5d7
DEB [20221025-17:51:07.100] thr=9   paramiko.transport: userauth is OK
DEB [20221025-17:51:07.115] thr=9   paramiko.transport: Authentication type (password) not permitted.
DEB [20221025-17:51:07.117] thr=9   paramiko.transport: Allowed methods: [u'publickey', u'keyboard-interactive']
DEB [20221025-17:51:07.139] thr=9   paramiko.transport: userauth is OK
INF [20221025-17:51:07.238] thr=9   paramiko.transport: Authentication (keyboard-interactive) successful!
DEB [20221025-17:51:07.262] thr=9   paramiko.transport: Received global request "hostkeys-00@openssh.com"
DEB [20221025-17:51:07.265] thr=9   paramiko.transport: Rejecting "hostkeys-00@openssh.com" global request from server.
DEB [20221025-17:51:08.900] thr=8   paramiko.transport: Received global request "keepalive@openssh.com"
DEB [20221025-17:51:08.904] thr=8   paramiko.transport: Rejecting "keepalive@openssh.com" global request from server.
DEB [20221025-17:51:08.906] thr=8   paramiko.transport: Received global request "keepalive@openssh.com"
DEB [20221025-17:51:08.907] thr=8   paramiko.transport: Rejecting "keepalive@openssh.com" global request from server.
DEB [20221025-17:51:10.238] thr=10  paramiko.transport: starting thread (client mode): 0xe5262fd0L
DEB [20221025-17:51:10.244] thr=10  paramiko.transport: Local version/idstring: SSH-2.0-paramiko_2.11.0
DEB [20221025-17:51:10.257] thr=10  paramiko.transport: Remote version/idstring: SSH-2.0-OpenSSH_7.8
INF [20221025-17:51:10.258] thr=10  paramiko.transport: Connected (version 2.0, client OpenSSH_7.8)
DEB [20221025-17:51:10.262] thr=10  paramiko.transport: === Key exchange possibilities ===
DEB [20221025-17:51:10.264] thr=10  paramiko.transport: kex algos: curve25519-sha256@libssh.org, diffie-hellman-group18-sha512, diffie-hellman-group14-sha256, diffie-hellman-group16-sha512
DEB [20221025-17:51:10.266] thr=10  paramiko.transport: server key: ssh-rsa, ssh-ed25519
DEB [20221025-17:51:10.267] thr=10  paramiko.transport: client encrypt: chacha20-poly1305@openssh.com, aes256-gcm@openssh.com, aes128-gcm@openssh.com, aes256-ctr, aes192-ctr, aes128-ctr
DEB [20221025-17:51:10.270] thr=10  paramiko.transport: server encrypt: chacha20-poly1305@openssh.com, aes256-gcm@openssh.com, aes128-gcm@openssh.com, aes256-ctr, aes192-ctr, aes128-ctr
DEB [20221025-17:51:10.271] thr=10  paramiko.transport: client mac: hmac-sha2-512-etm@openssh.com, hmac-sha2-256-etm@openssh.com, umac-128-etm@openssh.com
DEB [20221025-17:51:10.273] thr=10  paramiko.transport: server mac: hmac-sha2-512-etm@openssh.com, hmac-sha2-256-etm@openssh.com, umac-128-etm@openssh.com
DEB [20221025-17:51:10.274] thr=10  paramiko.transport: client compress: none, zlib@openssh.com
DEB [20221025-17:51:10.275] thr=10  paramiko.transport: server compress: none, zlib@openssh.com
DEB [20221025-17:51:10.277] thr=10  paramiko.transport: client lang: <none>
DEB [20221025-17:51:10.278] thr=10  paramiko.transport: server lang: <none>
DEB [20221025-17:51:10.279] thr=10  paramiko.transport: kex follows: False
DEB [20221025-17:51:10.281] thr=10  paramiko.transport: === Key exchange agreements ===
DEB [20221025-17:51:10.283] thr=10  paramiko.transport: Kex: curve25519-sha256@libssh.org
DEB [20221025-17:51:10.285] thr=10  paramiko.transport: HostKey: ssh-ed25519
DEB [20221025-17:51:10.287] thr=10  paramiko.transport: Cipher: aes128-ctr
DEB [20221025-17:51:10.289] thr=10  paramiko.transport: MAC: hmac-sha2-256-etm@openssh.com
DEB [20221025-17:51:10.291] thr=10  paramiko.transport: Compression: none
DEB [20221025-17:51:10.294] thr=10  paramiko.transport: === End of kex handshake ===
DEB [20221025-17:51:10.338] thr=10  paramiko.transport: kex engine KexCurve25519 specified hash_algo <built-in function openssl_sha256>
DEB [20221025-17:51:10.340] thr=10  paramiko.transport: Switch to new keys ...
DEB [20221025-17:51:10.342] thr=10  paramiko.transport: Got EXT_INFO: {u'server-sig-algs': 'ssh-ed25519,ssh-rsa,rsa-sha2-256,rsa-sha2-512,ssh-dss,ecdsa-sha2-nistp256,ecdsa-sha2-nistp384,ecdsa-sha2-nistp521'}
DEB [20221025-17:51:10.342] thr=2   paramiko.transport: Adding ssh-ed25519 host key for 192.168.0.241: 5cc1b621ced958107f06baf7edebd5d7
DEB [20221025-17:51:10.383] thr=10  paramiko.transport: userauth is OK
DEB [20221025-17:51:10.398] thr=10  paramiko.transport: Authentication type (password) not permitted.
DEB [20221025-17:51:10.399] thr=10  paramiko.transport: Allowed methods: [u'publickey', u'keyboard-interactive']
DEB [20221025-17:51:10.418] thr=10  paramiko.transport: userauth is OK
INF [20221025-17:51:10.521] thr=10  paramiko.transport: Authentication (keyboard-interactive) successful!
DEB [20221025-17:51:10.549] thr=10  paramiko.transport: Received global request "hostkeys-00@openssh.com"
DEB [20221025-17:51:10.551] thr=10  paramiko.transport: Rejecting "hostkeys-00@openssh.com" global request from server.
DEB [20221025-17:51:13.121] thr=6   paramiko.transport: Received global request "keepalive@openssh.com"
DEB [20221025-17:51:13.125] thr=6   paramiko.transport: Rejecting "keepalive@openssh.com" global request from server.
DEB [20221025-17:51:13.126] thr=6   paramiko.transport: Received global request "keepalive@openssh.com"
DEB [20221025-17:51:13.128] thr=6   paramiko.transport: Rejecting "keepalive@openssh.com" global request from server.
DEB [20221025-17:51:23.978] thr=7   paramiko.transport: Received global request "keepalive@openssh.com"
DEB [20221025-17:51:23.980] thr=7   paramiko.transport: Rejecting "keepalive@openssh.com" global request from server.
DEB [20221025-17:51:23.981] thr=7   paramiko.transport: Received global request "keepalive@openssh.com"
DEB [20221025-17:51:23.982] thr=7   paramiko.transport: Rejecting "keepalive@openssh.com" global request from server.
DEB [20221025-17:51:33.232] thr=11  paramiko.transport: starting thread (client mode): 0xe87aabd0L
DEB [20221025-17:51:33.234] thr=11  paramiko.transport: Local version/idstring: SSH-2.0-paramiko_2.11.0
DEB [20221025-17:51:33.252] thr=11  paramiko.transport: Remote version/idstring: SSH-2.0-OpenSSH_7.8
INF [20221025-17:51:33.254] thr=11  paramiko.transport: Connected (version 2.0, client OpenSSH_7.8)
DEB [20221025-17:51:33.256] thr=11  paramiko.transport: === Key exchange possibilities ===
DEB [20221025-17:51:33.257] thr=11  paramiko.transport: kex algos: curve25519-sha256@libssh.org, diffie-hellman-group18-sha512, diffie-hellman-group14-sha256, diffie-hellman-group16-sha512
DEB [20221025-17:51:33.258] thr=11  paramiko.transport: server key: ssh-rsa, ssh-ed25519
DEB [20221025-17:51:33.259] thr=11  paramiko.transport: client encrypt: chacha20-poly1305@openssh.com, aes256-gcm@openssh.com, aes128-gcm@openssh.com, aes256-ctr, aes192-ctr, aes128-ctr
DEB [20221025-17:51:33.260] thr=11  paramiko.transport: server encrypt: chacha20-poly1305@openssh.com, aes256-gcm@openssh.com, aes128-gcm@openssh.com, aes256-ctr, aes192-ctr, aes128-ctr
DEB [20221025-17:51:33.262] thr=11  paramiko.transport: client mac: hmac-sha2-512-etm@openssh.com, hmac-sha2-256-etm@openssh.com, umac-128-etm@openssh.com
DEB [20221025-17:51:33.263] thr=11  paramiko.transport: server mac: hmac-sha2-512-etm@openssh.com, hmac-sha2-256-etm@openssh.com, umac-128-etm@openssh.com
DEB [20221025-17:51:33.264] thr=11  paramiko.transport: client compress: none, zlib@openssh.com
DEB [20221025-17:51:33.266] thr=11  paramiko.transport: server compress: none, zlib@openssh.com
DEB [20221025-17:51:33.267] thr=11  paramiko.transport: client lang: <none>
DEB [20221025-17:51:33.269] thr=11  paramiko.transport: server lang: <none>
DEB [20221025-17:51:33.270] thr=11  paramiko.transport: kex follows: False
DEB [20221025-17:51:33.271] thr=11  paramiko.transport: === Key exchange agreements ===
DEB [20221025-17:51:33.272] thr=11  paramiko.transport: Kex: curve25519-sha256@libssh.org
DEB [20221025-17:51:33.272] thr=11  paramiko.transport: HostKey: ssh-ed25519
DEB [20221025-17:51:33.274] thr=11  paramiko.transport: Cipher: aes128-ctr
DEB [20221025-17:51:33.275] thr=11  paramiko.transport: MAC: hmac-sha2-256-etm@openssh.com
DEB [20221025-17:51:33.276] thr=11  paramiko.transport: Compression: none
DEB [20221025-17:51:33.277] thr=11  paramiko.transport: === End of kex handshake ===
DEB [20221025-17:51:33.334] thr=11  paramiko.transport: kex engine KexCurve25519 specified hash_algo <built-in function openssl_sha256>
DEB [20221025-17:51:33.336] thr=11  paramiko.transport: Switch to new keys ...
DEB [20221025-17:51:33.339] thr=11  paramiko.transport: Got EXT_INFO: {u'server-sig-algs': 'ssh-ed25519,ssh-rsa,rsa-sha2-256,rsa-sha2-512,ssh-dss,ecdsa-sha2-nistp256,ecdsa-sha2-nistp384,ecdsa-sha2-nistp521'}
DEB [20221025-17:51:33.342] thr=2   paramiko.transport: Adding ssh-ed25519 host key for 192.168.0.241: 5cc1b621ced958107f06baf7edebd5d7
DEB [20221025-17:51:33.381] thr=11  paramiko.transport: userauth is OK
DEB [20221025-17:51:33.395] thr=11  paramiko.transport: Authentication type (password) not permitted.
DEB [20221025-17:51:33.397] thr=11  paramiko.transport: Allowed methods: [u'publickey', u'keyboard-interactive']
DEB [20221025-17:51:33.482] thr=11  paramiko.transport: userauth is OK
INF [20221025-17:51:33.599] thr=11  paramiko.transport: Authentication (keyboard-interactive) successful!
DEB [20221025-17:51:33.620] thr=11  paramiko.transport: Received global request "hostkeys-00@openssh.com"
DEB [20221025-17:51:33.622] thr=11  paramiko.transport: Rejecting "hostkeys-00@openssh.com" global request from server.
DEB [20221025-17:51:33.725] thr=11  paramiko.transport: EOF in transport thread
DEB [20221025-17:51:37.446] thr=9   paramiko.transport: Received global request "keepalive@openssh.com"
DEB [20221025-17:51:37.448] thr=9   paramiko.transport: Rejecting "keepalive@openssh.com" global request from server.
DEB [20221025-17:51:38.942] thr=8   paramiko.transport: Received global request "keepalive@openssh.com"
DEB [20221025-17:51:38.943] thr=8   paramiko.transport: Rejecting "keepalive@openssh.com" global request from server.
DEB [20221025-17:51:38.945] thr=8   paramiko.transport: Received global request "keepalive@openssh.com"
DEB [20221025-17:51:38.945] thr=8   paramiko.transport: Rejecting "keepalive@openssh.com" global request from server.
DEB [20221025-17:51:40.580] thr=10  paramiko.transport: Received global request "keepalive@openssh.com"
DEB [20221025-17:51:40.581] thr=10  paramiko.transport: Rejecting "keepalive@openssh.com" global request from server.
DEB [20221025-17:51:43.294] thr=6   paramiko.transport: Received global request "keepalive@openssh.com"
DEB [20221025-17:51:43.305] thr=6   paramiko.transport: Rejecting "keepalive@openssh.com" global request from server.
DEB [20221025-17:51:43.318] thr=6   paramiko.transport: Received global request "keepalive@openssh.com"
DEB [20221025-17:51:43.339] thr=6   paramiko.transport: Rejecting "keepalive@openssh.com" global request from server.
DEB [20221025-17:51:54.018] thr=7   paramiko.transport: Received global request "keepalive@openssh.com"
DEB [20221025-17:51:54.020] thr=7   paramiko.transport: Rejecting "keepalive@openssh.com" global request from server.
DEB [20221025-17:51:54.023] thr=7   paramiko.transport: Received global request "keepalive@openssh.com"
DEB [20221025-17:51:54.026] thr=7   paramiko.transport: Rejecting "keepalive@openssh.com" global request from server.
DEB [20221025-17:52:07.555] thr=9   paramiko.transport: Received global request "keepalive@openssh.com"
DEB [20221025-17:52:07.557] thr=9   paramiko.transport: Rejecting "keepalive@openssh.com" global request from server.
DEB [20221025-17:52:07.559] thr=9   paramiko.transport: Received global request "keepalive@openssh.com"
DEB [20221025-17:52:07.560] thr=9   paramiko.transport: Rejecting "keepalive@openssh.com" global request from server.
DEB [20221025-17:52:08.980] thr=8   paramiko.transport: Received global request "keepalive@openssh.com"
DEB [20221025-17:52:08.983] thr=8   paramiko.transport: Rejecting "keepalive@openssh.com" global request from server.
DEB [20221025-17:52:08.986] thr=8   paramiko.transport: Received global request "keepalive@openssh.com"
DEB [20221025-17:52:08.987] thr=8   paramiko.transport: Rejecting "keepalive@openssh.com" global request from server.
DEB [20221025-17:52:10.731] thr=10  paramiko.transport: Received global request "keepalive@openssh.com"
DEB [20221025-17:52:10.733] thr=10  paramiko.transport: Rejecting "keepalive@openssh.com" global request from server.
DEB [20221025-17:52:10.734] thr=10  paramiko.transport: Received global request "keepalive@openssh.com"
DEB [20221025-17:52:10.735] thr=10  paramiko.transport: Rejecting "keepalive@openssh.com" global request from server.
DEB [20221025-17:52:13.395] thr=6   paramiko.transport: Received global request "keepalive@openssh.com"
DEB [20221025-17:52:13.396] thr=6   paramiko.transport: Rejecting "keepalive@openssh.com" global request from server.
DEB [20221025-17:52:13.399] thr=6   paramiko.transport: Received global request "keepalive@openssh.com"
DEB [20221025-17:52:13.400] thr=6   paramiko.transport: Rejecting "keepalive@openssh.com" global request from server.
DEB [20221025-17:52:24.062] thr=7   paramiko.transport: Received global request "keepalive@openssh.com"
DEB [20221025-17:52:24.065] thr=7   paramiko.transport: Rejecting "keepalive@openssh.com" global request from server.
DEB [20221025-17:52:24.066] thr=7   paramiko.transport: Received global request "keepalive@openssh.com"
DEB [20221025-17:52:24.068] thr=7   paramiko.transport: Rejecting "keepalive@openssh.com" global request from server.
DEB [20221025-17:52:37.762] thr=9   paramiko.transport: Received global request "keepalive@openssh.com"
DEB [20221025-17:52:37.765] thr=9   paramiko.transport: Rejecting "keepalive@openssh.com" global request from server.
DEB [20221025-17:52:37.768] thr=9   paramiko.transport: Received global request "keepalive@openssh.com"
DEB [20221025-17:52:37.771] thr=9   paramiko.transport: Rejecting "keepalive@openssh.com" global request from server.
DEB [20221025-17:52:39.197] thr=8   paramiko.transport: Received global request "keepalive@openssh.com"
DEB [20221025-17:52:39.198] thr=8   paramiko.transport: Rejecting "keepalive@openssh.com" global request from server.
DEB [20221025-17:52:39.200] thr=8   paramiko.transport: Received global request "keepalive@openssh.com"
DEB [20221025-17:52:39.202] thr=8   paramiko.transport: Rejecting "keepalive@openssh.com" global request from server.
DEB [20221025-17:52:40.770] thr=10  paramiko.transport: Received global request "keepalive@openssh.com"
DEB [20221025-17:52:40.772] thr=10  paramiko.transport: Rejecting "keepalive@openssh.com" global request from server.
DEB [20221025-17:52:40.776] thr=10  paramiko.transport: Received global request "keepalive@openssh.com"
DEB [20221025-17:52:40.777] thr=10  paramiko.transport: Rejecting "keepalive@openssh.com" global request from server.
DEB [20221025-17:52:43.434] thr=6   paramiko.transport: Received global request "keepalive@openssh.com"
DEB [20221025-17:52:43.436] thr=6   paramiko.transport: Rejecting "keepalive@openssh.com" global request from server.
DEB [20221025-17:52:43.438] thr=6   paramiko.transport: Received global request "keepalive@openssh.com"
DEB [20221025-17:52:43.440] thr=6   paramiko.transport: Rejecting "keepalive@openssh.com" global request from server.
DEB [20221025-17:52:54.102] thr=7   paramiko.transport: Received global request "keepalive@openssh.com"
DEB [20221025-17:52:54.105] thr=7   paramiko.transport: Rejecting "keepalive@openssh.com" global request from server.
DEB [20221025-17:52:54.107] thr=7   paramiko.transport: Received global request "keepalive@openssh.com"
DEB [20221025-17:52:54.108] thr=7   paramiko.transport: Rejecting "keepalive@openssh.com" global request from server.
DEB [20221025-17:53:07.971] thr=9   paramiko.transport: Received global request "keepalive@openssh.com"
DEB [20221025-17:53:07.975] thr=9   paramiko.transport: Rejecting "keepalive@openssh.com" global request from server.
DEB [20221025-17:53:07.977] thr=9   paramiko.transport: Received global request "keepalive@openssh.com"
DEB [20221025-17:53:07.978] thr=9   paramiko.transport: Rejecting "keepalive@openssh.com" global request from server.
DEB [20221025-17:53:09.240] thr=8   paramiko.transport: Received global request "keepalive@openssh.com"
DEB [20221025-17:53:09.241] thr=8   paramiko.transport: Rejecting "keepalive@openssh.com" global request from server.
DEB [20221025-17:53:09.243] thr=8   paramiko.transport: Received global request "keepalive@openssh.com"
DEB [20221025-17:53:09.244] thr=8   paramiko.transport: Rejecting "keepalive@openssh.com" global request from server.
DEB [20221025-17:53:10.943] thr=10  paramiko.transport: Received global request "keepalive@openssh.com"
DEB [20221025-17:53:10.945] thr=10  paramiko.transport: Rejecting "keepalive@openssh.com" global request from server.
DEB [20221025-17:53:10.948] thr=10  paramiko.transport: Received global request "keepalive@openssh.com"
DEB [20221025-17:53:10.952] thr=10  paramiko.transport: Rejecting "keepalive@openssh.com" global request from server.
DEB [20221025-17:53:13.475] thr=6   paramiko.transport: Received global request "keepalive@openssh.com"
DEB [20221025-17:53:13.477] thr=6   paramiko.transport: Rejecting "keepalive@openssh.com" global request from server.
DEB [20221025-17:53:13.478] thr=6   paramiko.transport: Received global request "keepalive@openssh.com"
DEB [20221025-17:53:13.479] thr=6   paramiko.transport: Rejecting "keepalive@openssh.com" global request from server.
DEB [20221025-17:53:24.146] thr=7   paramiko.transport: Received global request "keepalive@openssh.com"
DEB [20221025-17:53:24.148] thr=7   paramiko.transport: Rejecting "keepalive@openssh.com" global request from server.
DEB [20221025-17:53:24.149] thr=7   paramiko.transport: Received global request "keepalive@openssh.com"
DEB [20221025-17:53:24.151] thr=7   paramiko.transport: Rejecting "keepalive@openssh.com" global request from server.
DEB [20221025-17:53:38.056] thr=9   paramiko.transport: Received global request "keepalive@openssh.com"
DEB [20221025-17:53:38.057] thr=9   paramiko.transport: Rejecting "keepalive@openssh.com" global request from server.
DEB [20221025-17:53:38.059] thr=9   paramiko.transport: Received global request "keepalive@openssh.com"
DEB [20221025-17:53:38.060] thr=9   paramiko.transport: Rejecting "keepalive@openssh.com" global request from server.
DEB [20221025-17:53:39.409] thr=8   paramiko.transport: Received global request "keepalive@openssh.com"
DEB [20221025-17:53:39.410] thr=8   paramiko.transport: Rejecting "keepalive@openssh.com" global request from server.
DEB [20221025-17:53:39.411] thr=8   paramiko.transport: Received global request "keepalive@openssh.com"
DEB [20221025-17:53:39.412] thr=8   paramiko.transport: Rejecting "keepalive@openssh.com" global request from server.
DEB [20221025-17:53:40.986] thr=10  paramiko.transport: Received global request "keepalive@openssh.com"
DEB [20221025-17:53:40.988] thr=10  paramiko.transport: Rejecting "keepalive@openssh.com" global request from server.
DEB [20221025-17:53:40.990] thr=10  paramiko.transport: Received global request "keepalive@openssh.com"
DEB [20221025-17:53:40.991] thr=10  paramiko.transport: Rejecting "keepalive@openssh.com" global request from server.
DEB [20221025-17:53:43.513] thr=6   paramiko.transport: Received global request "keepalive@openssh.com"
DEB [20221025-17:53:43.515] thr=6   paramiko.transport: Rejecting "keepalive@openssh.com" global request from server.
DEB [20221025-17:53:43.517] thr=6   paramiko.transport: Received global request "keepalive@openssh.com"
DEB [20221025-17:53:43.519] thr=6   paramiko.transport: Rejecting "keepalive@openssh.com" global request from server.
DEB [20221025-17:53:54.349] thr=7   paramiko.transport: Received global request "keepalive@openssh.com"
DEB [20221025-17:53:54.351] thr=7   paramiko.transport: Rejecting "keepalive@openssh.com" global request from server.
DEB [20221025-17:53:54.352] thr=7   paramiko.transport: Received global request "keepalive@openssh.com"
DEB [20221025-17:53:54.354] thr=7   paramiko.transport: Rejecting "keepalive@openssh.com" global request from server.
DEB [20221025-17:54:08.095] thr=9   paramiko.transport: Received global request "keepalive@openssh.com"
DEB [20221025-17:54:08.097] thr=9   paramiko.transport: Rejecting "keepalive@openssh.com" global request from server.
DEB [20221025-17:54:08.099] thr=9   paramiko.transport: Received global request "keepalive@openssh.com"
DEB [20221025-17:54:08.101] thr=9   paramiko.transport: Rejecting "keepalive@openssh.com" global request from server.
DEB [20221025-17:54:09.494] thr=8   paramiko.transport: Received global request "keepalive@openssh.com"
DEB [20221025-17:54:09.495] thr=8   paramiko.transport: Rejecting "keepalive@openssh.com" global request from server.
DEB [20221025-17:54:09.496] thr=8   paramiko.transport: Received global request "keepalive@openssh.com"
DEB [20221025-17:54:09.497] thr=8   paramiko.transport: Rejecting "keepalive@openssh.com" global request from server.
DEB [20221025-17:54:11.155] thr=10  paramiko.transport: Received global request "keepalive@openssh.com"
DEB [20221025-17:54:11.157] thr=10  paramiko.transport: Rejecting "keepalive@openssh.com" global request from server.
DEB [20221025-17:54:11.159] thr=10  paramiko.transport: Received global request "keepalive@openssh.com"
DEB [20221025-17:54:11.160] thr=10  paramiko.transport: Rejecting "keepalive@openssh.com" global request from server.
DEB [20221025-17:54:13.553] thr=6   paramiko.transport: Received global request "keepalive@openssh.com"
DEB [20221025-17:54:13.555] thr=6   paramiko.transport: Rejecting "keepalive@openssh.com" global request from server.
DEB [20221025-17:54:13.556] thr=6   paramiko.transport: Received global request "keepalive@openssh.com"
DEB [20221025-17:54:13.557] thr=6   paramiko.transport: Rejecting "keepalive@openssh.com" global request from server.
DEB [20221025-17:54:24.558] thr=7   paramiko.transport: Received global request "keepalive@openssh.com"
DEB [20221025-17:54:24.560] thr=7   paramiko.transport: Rejecting "keepalive@openssh.com" global request from server.
DEB [20221025-17:54:24.563] thr=7   paramiko.transport: Received global request "keepalive@openssh.com"
DEB [20221025-17:54:24.565] thr=7   paramiko.transport: Rejecting "keepalive@openssh.com" global request from server.
DEB [20221025-17:54:38.190] thr=9   paramiko.transport: Received global request "keepalive@openssh.com"
DEB [20221025-17:54:38.192] thr=9   paramiko.transport: Rejecting "keepalive@openssh.com" global request from server.
DEB [20221025-17:54:38.194] thr=9   paramiko.transport: Received global request "keepalive@openssh.com"
DEB [20221025-17:54:38.196] thr=9   paramiko.transport: Rejecting "keepalive@openssh.com" global request from server.
DEB [20221025-17:54:39.724] thr=8   paramiko.transport: Received global request "keepalive@openssh.com"
DEB [20221025-17:54:39.726] thr=8   paramiko.transport: Rejecting "keepalive@openssh.com" global request from server.
DEB [20221025-17:54:39.728] thr=8   paramiko.transport: Received global request "keepalive@openssh.com"
DEB [20221025-17:54:39.729] thr=8   paramiko.transport: Rejecting "keepalive@openssh.com" global request from server.
DEB [20221025-17:54:41.193] thr=10  paramiko.transport: Received global request "keepalive@openssh.com"
DEB [20221025-17:54:41.195] thr=10  paramiko.transport: Rejecting "keepalive@openssh.com" global request from server.
DEB [20221025-17:54:41.196] thr=10  paramiko.transport: Received global request "keepalive@openssh.com"
DEB [20221025-17:54:41.198] thr=10  paramiko.transport: Rejecting "keepalive@openssh.com" global request from server.
DEB [20221025-17:54:43.592] thr=6   paramiko.transport: Received global request "keepalive@openssh.com"
DEB [20221025-17:54:43.593] thr=6   paramiko.transport: Rejecting "keepalive@openssh.com" global request from server.
DEB [20221025-17:54:43.598] thr=6   paramiko.transport: Received global request "keepalive@openssh.com"
DEB [20221025-17:54:43.599] thr=6   paramiko.transport: Rejecting "keepalive@openssh.com" global request from server.
DEB [20221025-17:54:54.664] thr=7   paramiko.transport: Received global request "keepalive@openssh.com"
DEB [20221025-17:54:54.666] thr=7   paramiko.transport: Rejecting "keepalive@openssh.com" global request from server.
DEB [20221025-17:54:54.668] thr=7   paramiko.transport: Received global request "keepalive@openssh.com"
DEB [20221025-17:54:54.669] thr=7   paramiko.transport: Rejecting "keepalive@openssh.com" global request from server.
DEB [20221025-17:55:08.232] thr=9   paramiko.transport: Received global request "keepalive@openssh.com"
DEB [20221025-17:55:08.234] thr=9   paramiko.transport: Rejecting "keepalive@openssh.com" global request from server.
DEB [20221025-17:55:08.235] thr=9   paramiko.transport: Received global request "keepalive@openssh.com"
DEB [20221025-17:55:08.235] thr=9   paramiko.transport: Rejecting "keepalive@openssh.com" global request from server.
DEB [20221025-17:55:09.933] thr=8   paramiko.transport: Received global request "keepalive@openssh.com"
DEB [20221025-17:55:09.935] thr=8   paramiko.transport: Rejecting "keepalive@openssh.com" global request from server.
DEB [20221025-17:55:09.937] thr=8   paramiko.transport: Received global request "keepalive@openssh.com"
DEB [20221025-17:55:09.937] thr=8   paramiko.transport: Rejecting "keepalive@openssh.com" global request from server.
DEB [20221025-17:55:11.368] thr=10  paramiko.transport: Received global request "keepalive@openssh.com"
DEB [20221025-17:55:11.369] thr=10  paramiko.transport: Rejecting "keepalive@openssh.com" global request from server.
DEB [20221025-17:55:11.370] thr=10  paramiko.transport: Received global request "keepalive@openssh.com"
DEB [20221025-17:55:11.371] thr=10  paramiko.transport: Rejecting "keepalive@openssh.com" global request from server.
DEB [20221025-17:55:13.827] thr=6   paramiko.transport: Received global request "keepalive@openssh.com"
DEB [20221025-17:55:13.829] thr=6   paramiko.transport: Rejecting "keepalive@openssh.com" global request from server.
DEB [20221025-17:55:13.830] thr=6   paramiko.transport: Received global request "keepalive@openssh.com"
DEB [20221025-17:55:13.831] thr=6   paramiko.transport: Rejecting "keepalive@openssh.com" global request from server.
DEB [20221025-17:55:24.705] thr=7   paramiko.transport: Received global request "keepalive@openssh.com"
DEB [20221025-17:55:24.707] thr=7   paramiko.transport: Rejecting "keepalive@openssh.com" global request from server.
DEB [20221025-17:55:24.709] thr=7   paramiko.transport: Received global request "keepalive@openssh.com"
DEB [20221025-17:55:24.710] thr=7   paramiko.transport: Rejecting "keepalive@openssh.com" global request from server.
DEB [20221025-17:55:38.401] thr=9   paramiko.transport: Received global request "keepalive@openssh.com"
DEB [20221025-17:55:38.403] thr=9   paramiko.transport: Rejecting "keepalive@openssh.com" global request from server.
DEB [20221025-17:55:38.406] thr=9   paramiko.transport: Received global request "keepalive@openssh.com"
DEB [20221025-17:55:38.408] thr=9   paramiko.transport: Rejecting "keepalive@openssh.com" global request from server.
DEB [20221025-17:55:40.142] thr=8   paramiko.transport: Received global request "keepalive@openssh.com"
DEB [20221025-17:55:40.144] thr=8   paramiko.transport: Rejecting "keepalive@openssh.com" global request from server.
DEB [20221025-17:55:40.145] thr=8   paramiko.transport: Received global request "keepalive@openssh.com"
DEB [20221025-17:55:40.146] thr=8   paramiko.transport: Rejecting "keepalive@openssh.com" global request from server.
DEB [20221025-17:55:41.577] thr=10  paramiko.transport: Received global request "keepalive@openssh.com"
DEB [20221025-17:55:41.578] thr=10  paramiko.transport: Rejecting "keepalive@openssh.com" global request from server.
DEB [20221025-17:55:41.580] thr=10  paramiko.transport: Received global request "keepalive@openssh.com"
DEB [20221025-17:55:41.584] thr=10  paramiko.transport: Rejecting "keepalive@openssh.com" global request from server.
DEB [20221025-17:55:44.037] thr=6   paramiko.transport: Received global request "keepalive@openssh.com"
DEB [20221025-17:55:44.039] thr=6   paramiko.transport: Rejecting "keepalive@openssh.com" global request from server.
DEB [20221025-17:55:44.042] thr=6   paramiko.transport: Received global request "keepalive@openssh.com"
DEB [20221025-17:55:44.043] thr=6   paramiko.transport: Rejecting "keepalive@openssh.com" global request from server.
DEB [20221025-17:55:54.881] thr=7   paramiko.transport: Received global request "keepalive@openssh.com"
DEB [20221025-17:55:54.884] thr=7   paramiko.transport: Rejecting "keepalive@openssh.com" global request from server.
DEB [20221025-17:55:54.887] thr=7   paramiko.transport: Received global request "keepalive@openssh.com"
DEB [20221025-17:55:54.888] thr=7   paramiko.transport: Rejecting "keepalive@openssh.com" global request from server.
DEB [20221025-17:56:08.612] thr=9   paramiko.transport: Received global request "keepalive@openssh.com"
DEB [20221025-17:56:08.617] thr=9   paramiko.transport: Rejecting "keepalive@openssh.com" global request from server.
DEB [20221025-17:56:08.620] thr=9   paramiko.transport: Received global request "keepalive@openssh.com"
DEB [20221025-17:56:08.622] thr=9   paramiko.transport: Rejecting "keepalive@openssh.com" global request from server.
DEB [20221025-17:56:10.355] thr=8   paramiko.transport: Received global request "keepalive@openssh.com"
DEB [20221025-17:56:10.357] thr=8   paramiko.transport: Rejecting "keepalive@openssh.com" global request from server.
DEB [20221025-17:56:10.359] thr=8   paramiko.transport: Received global request "keepalive@openssh.com"
DEB [20221025-17:56:10.360] thr=8   paramiko.transport: Rejecting "keepalive@openssh.com" global request from server.
DEB [20221025-17:56:11.762] thr=10  paramiko.transport: Received global request "keepalive@openssh.com"
DEB [20221025-17:56:11.764] thr=10  paramiko.transport: Rejecting "keepalive@openssh.com" global request from server.
DEB [20221025-17:56:11.767] thr=10  paramiko.transport: Received global request "keepalive@openssh.com"
DEB [20221025-17:56:11.768] thr=10  paramiko.transport: Rejecting "keepalive@openssh.com" global request from server.
DEB [20221025-17:56:14.081] thr=6   paramiko.transport: Received global request "keepalive@openssh.com"
DEB [20221025-17:56:14.083] thr=6   paramiko.transport: Rejecting "keepalive@openssh.com" global request from server.
DEB [20221025-17:56:14.085] thr=6   paramiko.transport: Received global request "keepalive@openssh.com"
DEB [20221025-17:56:14.086] thr=6   paramiko.transport: Rejecting "keepalive@openssh.com" global request from server.
DEB [20221025-17:56:25.108] thr=7   paramiko.transport: Received global request "keepalive@openssh.com"
DEB [20221025-17:56:25.110] thr=7   paramiko.transport: Rejecting "keepalive@openssh.com" global request from server.
DEB [20221025-17:56:25.113] thr=7   paramiko.transport: Received global request "keepalive@openssh.com"
DEB [20221025-17:56:25.114] thr=7   paramiko.transport: Rejecting "keepalive@openssh.com" global request from server.
DEB [20221025-17:56:38.776] thr=9   paramiko.transport: Received global request "keepalive@openssh.com"
DEB [20221025-17:56:38.780] thr=9   paramiko.transport: Rejecting "keepalive@openssh.com" global request from server.
DEB [20221025-17:56:38.781] thr=9   paramiko.transport: Received global request "keepalive@openssh.com"
DEB [20221025-17:56:38.782] thr=9   paramiko.transport: Rejecting "keepalive@openssh.com" global request from server.
DEB [20221025-17:56:40.414] thr=8   paramiko.transport: Received global request "keepalive@openssh.com"
DEB [20221025-17:56:40.416] thr=8   paramiko.transport: Rejecting "keepalive@openssh.com" global request from server.
DEB [20221025-17:56:40.419] thr=8   paramiko.transport: Received global request "keepalive@openssh.com"
DEB [20221025-17:56:40.420] thr=8   paramiko.transport: Rejecting "keepalive@openssh.com" global request from server.
DEB [20221025-17:56:42.016] thr=10  paramiko.transport: Received global request "keepalive@openssh.com"
DEB [20221025-17:56:42.018] thr=10  paramiko.transport: Rejecting "keepalive@openssh.com" global request from server.
DEB [20221025-17:56:42.020] thr=10  paramiko.transport: Received global request "keepalive@openssh.com"
DEB [20221025-17:56:42.021] thr=10  paramiko.transport: Rejecting "keepalive@openssh.com" global request from server.
DEB [20221025-17:56:44.272] thr=6   paramiko.transport: Received global request "keepalive@openssh.com"
DEB [20221025-17:56:44.274] thr=6   paramiko.transport: Rejecting "keepalive@openssh.com" global request from server.
DEB [20221025-17:56:44.276] thr=6   paramiko.transport: Received global request "keepalive@openssh.com"
DEB [20221025-17:56:44.277] thr=6   paramiko.transport: Rejecting "keepalive@openssh.com" global request from server.
DEB [20221025-17:56:55.320] thr=7   paramiko.transport: Received global request "keepalive@openssh.com"
DEB [20221025-17:56:55.322] thr=7   paramiko.transport: Rejecting "keepalive@openssh.com" global request from server.
DEB [20221025-17:56:55.324] thr=7   paramiko.transport: Received global request "keepalive@openssh.com"
DEB [20221025-17:56:55.326] thr=7   paramiko.transport: Rejecting "keepalive@openssh.com" global request from server.
DEB [20221025-17:57:08.937] thr=9   paramiko.transport: Received global request "keepalive@openssh.com"
DEB [20221025-17:57:08.939] thr=9   paramiko.transport: Rejecting "keepalive@openssh.com" global request from server.
DEB [20221025-17:57:08.941] thr=9   paramiko.transport: Received global request "keepalive@openssh.com"
DEB [20221025-17:57:08.942] thr=9   paramiko.transport: Rejecting "keepalive@openssh.com" global request from server.
DEB [20221025-17:57:10.458] thr=8   paramiko.transport: Received global request "keepalive@openssh.com"
DEB [20221025-17:57:10.459] thr=8   paramiko.transport: Rejecting "keepalive@openssh.com" global request from server.
DEB [20221025-17:57:10.461] thr=8   paramiko.transport: Received global request "keepalive@openssh.com"
DEB [20221025-17:57:10.462] thr=8   paramiko.transport: Rejecting "keepalive@openssh.com" global request from server.
DEB [20221025-17:57:12.230] thr=10  paramiko.transport: Received global request "keepalive@openssh.com"
DEB [20221025-17:57:12.231] thr=10  paramiko.transport: Rejecting "keepalive@openssh.com" global request from server.
DEB [20221025-17:57:12.233] thr=10  paramiko.transport: Received global request "keepalive@openssh.com"
DEB [20221025-17:57:12.235] thr=10  paramiko.transport: Rejecting "keepalive@openssh.com" global request from server.
DEB [20221025-17:57:14.483] thr=6   paramiko.transport: Received global request "keepalive@openssh.com"
DEB [20221025-17:57:14.485] thr=6   paramiko.transport: Rejecting "keepalive@openssh.com" global request from server.
DEB [20221025-17:57:14.487] thr=6   paramiko.transport: Received global request "keepalive@openssh.com"
DEB [20221025-17:57:14.488] thr=6   paramiko.transport: Rejecting "keepalive@openssh.com" global request from server.
DEB [20221025-17:57:25.362] thr=7   paramiko.transport: Received global request "keepalive@openssh.com"
DEB [20221025-17:57:25.364] thr=7   paramiko.transport: Rejecting "keepalive@openssh.com" global request from server.
DEB [20221025-17:57:25.366] thr=7   paramiko.transport: Received global request "keepalive@openssh.com"
DEB [20221025-17:57:25.367] thr=7   paramiko.transport: Rejecting "keepalive@openssh.com" global request from server.
DEB [20221025-17:57:39.159] thr=9   paramiko.transport: Received global request "keepalive@openssh.com"
DEB [20221025-17:57:39.161] thr=9   paramiko.transport: Rejecting "keepalive@openssh.com" global request from server.
DEB [20221025-17:57:39.163] thr=9   paramiko.transport: Received global request "keepalive@openssh.com"
DEB [20221025-17:57:39.164] thr=9   paramiko.transport: Rejecting "keepalive@openssh.com" global request from server.
DEB [20221025-17:57:40.594] thr=8   paramiko.transport: Received global request "keepalive@openssh.com"
DEB [20221025-17:57:40.595] thr=8   paramiko.transport: Rejecting "keepalive@openssh.com" global request from server.
DEB [20221025-17:57:40.596] thr=8   paramiko.transport: Received global request "keepalive@openssh.com"
DEB [20221025-17:57:40.597] thr=8   paramiko.transport: Rejecting "keepalive@openssh.com" global request from server.
DEB [20221025-17:57:42.438] thr=10  paramiko.transport: Received global request "keepalive@openssh.com"
DEB [20221025-17:57:42.440] thr=10  paramiko.transport: Rejecting "keepalive@openssh.com" global request from server.
DEB [20221025-17:57:42.442] thr=10  paramiko.transport: Received global request "keepalive@openssh.com"
DEB [20221025-17:57:42.443] thr=10  paramiko.transport: Rejecting "keepalive@openssh.com" global request from server.
DEB [20221025-17:57:44.525] thr=6   paramiko.transport: Received global request "keepalive@openssh.com"
DEB [20221025-17:57:44.530] thr=6   paramiko.transport: Rejecting "keepalive@openssh.com" global request from server.
DEB [20221025-17:57:44.533] thr=6   paramiko.transport: Received global request "keepalive@openssh.com"
DEB [20221025-17:57:44.534] thr=6   paramiko.transport: Rejecting "keepalive@openssh.com" global request from server.
DEB [20221025-17:57:55.431] thr=7   paramiko.transport: Received global request "keepalive@openssh.com"
DEB [20221025-17:57:55.435] thr=7   paramiko.transport: Rejecting "keepalive@openssh.com" global request from server.
DEB [20221025-17:57:55.440] thr=7   paramiko.transport: Received global request "keepalive@openssh.com"
DEB [20221025-17:57:55.442] thr=7   paramiko.transport: Rejecting "keepalive@openssh.com" global request from server.
DEB [20221025-17:58:09.368] thr=9   paramiko.transport: Received global request "keepalive@openssh.com"
DEB [20221025-17:58:09.370] thr=9   paramiko.transport: Rejecting "keepalive@openssh.com" global request from server.
DEB [20221025-17:58:09.372] thr=9   paramiko.transport: Received global request "keepalive@openssh.com"
DEB [20221025-17:58:09.374] thr=9   paramiko.transport: Rejecting "keepalive@openssh.com" global request from server.
DEB [20221025-17:58:10.631] thr=8   paramiko.transport: Received global request "keepalive@openssh.com"
DEB [20221025-17:58:10.632] thr=8   paramiko.transport: Rejecting "keepalive@openssh.com" global request from server.
DEB [20221025-17:58:10.634] thr=8   paramiko.transport: Received global request "keepalive@openssh.com"
DEB [20221025-17:58:10.635] thr=8   paramiko.transport: Rejecting "keepalive@openssh.com" global request from server.
DEB [20221025-17:58:12.647] thr=10  paramiko.transport: Received global request "keepalive@openssh.com"
DEB [20221025-17:58:12.650] thr=10  paramiko.transport: Rejecting "keepalive@openssh.com" global request from server.
DEB [20221025-17:58:12.652] thr=10  paramiko.transport: Received global request "keepalive@openssh.com"
DEB [20221025-17:58:12.654] thr=10  paramiko.transport: Rejecting "keepalive@openssh.com" global request from server.
DEB [20221025-17:58:14.697] thr=6   paramiko.transport: Received global request "keepalive@openssh.com"
DEB [20221025-17:58:14.699] thr=6   paramiko.transport: Rejecting "keepalive@openssh.com" global request from server.
DEB [20221025-17:58:14.700] thr=6   paramiko.transport: Received global request "keepalive@openssh.com"
DEB [20221025-17:58:14.702] thr=6   paramiko.transport: Rejecting "keepalive@openssh.com" global request from server.
DEB [20221025-17:58:25.477] thr=7   paramiko.transport: Received global request "keepalive@openssh.com"
DEB [20221025-17:58:25.479] thr=7   paramiko.transport: Rejecting "keepalive@openssh.com" global request from server.
DEB [20221025-17:58:25.481] thr=7   paramiko.transport: Received global request "keepalive@openssh.com"
DEB [20221025-17:58:25.482] thr=7   paramiko.transport: Rejecting "keepalive@openssh.com" global request from server.
DEB [20221025-17:58:39.409] thr=9   paramiko.transport: Received global request "keepalive@openssh.com"
DEB [20221025-17:58:39.411] thr=9   paramiko.transport: Rejecting "keepalive@openssh.com" global request from server.
DEB [20221025-17:58:39.413] thr=9   paramiko.transport: Received global request "keepalive@openssh.com"
DEB [20221025-17:58:39.414] thr=9   paramiko.transport: Rejecting "keepalive@openssh.com" global request from server.
DEB [20221025-17:58:40.671] thr=8   paramiko.transport: Received global request "keepalive@openssh.com"
DEB [20221025-17:58:40.673] thr=8   paramiko.transport: Rejecting "keepalive@openssh.com" global request from server.
DEB [20221025-17:58:40.675] thr=8   paramiko.transport: Received global request "keepalive@openssh.com"
DEB [20221025-17:58:40.676] thr=8   paramiko.transport: Rejecting "keepalive@openssh.com" global request from server.
DEB [20221025-17:58:42.856] thr=10  paramiko.transport: Received global request "keepalive@openssh.com"
DEB [20221025-17:58:42.858] thr=10  paramiko.transport: Rejecting "keepalive@openssh.com" global request from server.
DEB [20221025-17:58:42.860] thr=10  paramiko.transport: Received global request "keepalive@openssh.com"
DEB [20221025-17:58:42.861] thr=10  paramiko.transport: Rejecting "keepalive@openssh.com" global request from server.
DEB [20221025-17:58:44.905] thr=6   paramiko.transport: Received global request "keepalive@openssh.com"
DEB [20221025-17:58:44.909] thr=6   paramiko.transport: Rejecting "keepalive@openssh.com" global request from server.
DEB [20221025-17:58:44.912] thr=6   paramiko.transport: Received global request "keepalive@openssh.com"
DEB [20221025-17:58:44.912] thr=6   paramiko.transport: Rejecting "keepalive@openssh.com" global request from server.
DEB [20221025-17:58:55.518] thr=7   paramiko.transport: Received global request "keepalive@openssh.com"
DEB [20221025-17:58:55.520] thr=7   paramiko.transport: Rejecting "keepalive@openssh.com" global request from server.
DEB [20221025-17:58:55.521] thr=7   paramiko.transport: Received global request "keepalive@openssh.com"
DEB [20221025-17:58:55.522] thr=7   paramiko.transport: Rejecting "keepalive@openssh.com" global request from server.
DEB [20221025-17:59:09.581] thr=9   paramiko.transport: Received global request "keepalive@openssh.com"
DEB [20221025-17:59:09.584] thr=9   paramiko.transport: Rejecting "keepalive@openssh.com" global request from server.
DEB [20221025-17:59:09.585] thr=9   paramiko.transport: Received global request "keepalive@openssh.com"
DEB [20221025-17:59:09.587] thr=9   paramiko.transport: Rejecting "keepalive@openssh.com" global request from server.
DEB [20221025-17:59:10.913] thr=8   paramiko.transport: Received global request "keepalive@openssh.com"
DEB [20221025-17:59:10.915] thr=8   paramiko.transport: Rejecting "keepalive@openssh.com" global request from server.
DEB [20221025-17:59:10.917] thr=8   paramiko.transport: Received global request "keepalive@openssh.com"
DEB [20221025-17:59:10.918] thr=8   paramiko.transport: Rejecting "keepalive@openssh.com" global request from server.
DEB [20221025-17:59:12.897] thr=10  paramiko.transport: Received global request "keepalive@openssh.com"
DEB [20221025-17:59:12.899] thr=10  paramiko.transport: Rejecting "keepalive@openssh.com" global request from server.
DEB [20221025-17:59:12.900] thr=10  paramiko.transport: Received global request "keepalive@openssh.com"
DEB [20221025-17:59:12.901] thr=10  paramiko.transport: Rejecting "keepalive@openssh.com" global request from server.
DEB [20221025-17:59:15.000] thr=6   paramiko.transport: Received global request "keepalive@openssh.com"
DEB [20221025-17:59:15.002] thr=6   paramiko.transport: Rejecting "keepalive@openssh.com" global request from server.
DEB [20221025-17:59:15.004] thr=6   paramiko.transport: Received global request "keepalive@openssh.com"
DEB [20221025-17:59:15.005] thr=6   paramiko.transport: Rejecting "keepalive@openssh.com" global request from server.
DEB [20221026-06:09:15.631] thr=1   paramiko.transport: starting thread (client mode): 0x381b7390L
DEB [20221026-06:09:15.634] thr=1   paramiko.transport: Local version/idstring: SSH-2.0-paramiko_2.11.0
DEB [20221026-06:09:15.651] thr=1   paramiko.transport: Remote version/idstring: SSH-2.0-OpenSSH_7.8
INF [20221026-06:09:15.652] thr=1   paramiko.transport: Connected (version 2.0, client OpenSSH_7.8)
DEB [20221026-06:09:15.657] thr=1   paramiko.transport: === Key exchange possibilities ===
DEB [20221026-06:09:15.658] thr=1   paramiko.transport: kex algos: curve25519-sha256@libssh.org, diffie-hellman-group18-sha512, diffie-hellman-group14-sha256, diffie-hellman-group16-sha512
DEB [20221026-06:09:15.660] thr=1   paramiko.transport: server key: ssh-rsa, ssh-ed25519
DEB [20221026-06:09:15.661] thr=1   paramiko.transport: client encrypt: chacha20-poly1305@openssh.com, aes256-gcm@openssh.com, aes128-gcm@openssh.com, aes256-ctr, aes192-ctr, aes128-ctr
DEB [20221026-06:09:15.663] thr=1   paramiko.transport: server encrypt: chacha20-poly1305@openssh.com, aes256-gcm@openssh.com, aes128-gcm@openssh.com, aes256-ctr, aes192-ctr, aes128-ctr
DEB [20221026-06:09:15.664] thr=1   paramiko.transport: client mac: hmac-sha2-512-etm@openssh.com, hmac-sha2-256-etm@openssh.com, umac-128-etm@openssh.com
DEB [20221026-06:09:15.666] thr=1   paramiko.transport: server mac: hmac-sha2-512-etm@openssh.com, hmac-sha2-256-etm@openssh.com, umac-128-etm@openssh.com
DEB [20221026-06:09:15.671] thr=1   paramiko.transport: client compress: none, zlib@openssh.com
DEB [20221026-06:09:15.672] thr=1   paramiko.transport: server compress: none, zlib@openssh.com
DEB [20221026-06:09:15.673] thr=1   paramiko.transport: client lang: <none>
DEB [20221026-06:09:15.675] thr=1   paramiko.transport: server lang: <none>
DEB [20221026-06:09:15.676] thr=1   paramiko.transport: kex follows: False
DEB [20221026-06:09:15.677] thr=1   paramiko.transport: === Key exchange agreements ===
DEB [20221026-06:09:15.678] thr=1   paramiko.transport: Kex: curve25519-sha256@libssh.org
DEB [20221026-06:09:15.679] thr=1   paramiko.transport: HostKey: ssh-ed25519
DEB [20221026-06:09:15.680] thr=1   paramiko.transport: Cipher: aes128-ctr
DEB [20221026-06:09:15.680] thr=1   paramiko.transport: MAC: hmac-sha2-256-etm@openssh.com
DEB [20221026-06:09:15.681] thr=1   paramiko.transport: Compression: none
DEB [20221026-06:09:15.682] thr=1   paramiko.transport: === End of kex handshake ===
DEB [20221026-06:09:15.743] thr=1   paramiko.transport: kex engine KexCurve25519 specified hash_algo <built-in function openssl_sha256>
DEB [20221026-06:09:15.748] thr=1   paramiko.transport: Switch to new keys ...
DEB [20221026-06:09:15.749] thr=1   paramiko.transport: Got EXT_INFO: {u'server-sig-algs': 'ssh-ed25519,ssh-rsa,rsa-sha2-256,rsa-sha2-512,ssh-dss,ecdsa-sha2-nistp256,ecdsa-sha2-nistp384,ecdsa-sha2-nistp521'}
DEB [20221026-06:09:15.752] thr=2   paramiko.transport: Adding ssh-ed25519 host key for 192.168.0.241: 5cc1b621ced958107f06baf7edebd5d7
DEB [20221026-06:09:15.791] thr=1   paramiko.transport: userauth is OK
DEB [20221026-06:09:15.805] thr=1   paramiko.transport: Authentication type (password) not permitted.
DEB [20221026-06:09:15.806] thr=1   paramiko.transport: Allowed methods: [u'publickey', u'keyboard-interactive']
DEB [20221026-06:09:15.832] thr=1   paramiko.transport: userauth is OK
INF [20221026-06:09:15.937] thr=1   paramiko.transport: Authentication (keyboard-interactive) successful!
DEB [20221026-06:09:15.955] thr=1   paramiko.transport: EOF in transport thread
